2025-05-29 23:53:59 [Server] Файл логов инициализирован.
2025-05-29 23:53:59 [info] Загружено 3 пользователей из users.txt
2025-05-29 23:53:59 [Server] Сервер запущен на 127.0.0.1:8080
2025-05-29 23:54:19 [info] Новое подключение: 127.0.0.1:44755
2025-05-29 23:54:21 [info] Новое подключение: 127.0.0.1:44759
2025-05-29 23:54:24 [Auth] Пользователь 'sergey' авторизовался успешно.
2025-05-29 23:54:24 [Auth] Пользователь 'sergey' вошёл в чат
2025-05-29 23:54:26 [Auth] Пользователь '1' авторизовался успешно.
2025-05-29 23:54:26 [Auth] Пользователь '1' вошёл в чат
2025-05-29 23:54:26 [Recieve] Получено write_task (sergey): Пользователь '1' вошёл в чат
2025-05-29 23:55:12 [Global message] '1' отправил в общий чат: Всем привет! Отправляю сообщение ВСЕМ
2025-05-29 23:55:12 [Recieve] Получено write_task (sergey): [34mВсем[0m 1: Всем привет! Отправляю сообщение ВСЕМ
2025-05-29 23:55:20 [Sent] Сообщение отправлено 'sergey' (начало: SYSTEM:PRIVATE_CHAT_REQUEST:1:4f9cf1aed02fe11b0477)
2025-05-29 23:55:20 [Recieve] Получено write_task (sergey): SYSTEM:PRIVATE_CHAT_REQUEST:1:4f9cf1aed02fe11b0477b1e8008ad20d789747ed16060eba4bb1cca22ac56534
2025-05-29 23:55:20 [Private chat] '1' запросил приватный чат у 'sergey'
2025-05-29 23:55:20 [Private chat] 'sergey' получил запрос на приватный чат от '1'
2025-05-29 23:55:25 [Sent] Сообщение отправлено '1' (начало: SYSTEM:PRIVATE_CHAT_ACCEPTED:sergey)
2025-05-29 23:55:25 [Recieve] Получено write_task (1): SYSTEM:PRIVATE_CHAT_ACCEPTED:sergey
2025-05-29 23:55:25 [Private chat] 'sergey' обновил статус: приватный чат с '1'
2025-05-29 23:55:25 [Private chat] '1' обновил статус: приватный чат с 'sergey'
2025-05-29 23:55:43 [Sent] Сообщение отправлено 'sergey' (начало: SYSTEM:ENCRYPTED_PRIVATE_MSG:1:fc597cdb519aaab14b6)
2025-05-29 23:55:43 [Recieve] Получено write_task (sergey): SYSTEM:ENCRYPTED_PRIVATE_MSG:1:fc597cdb519aaab14b6aee73:6b2af1fd2606572c372f2d63c31bf36a682ec44dc3ff517984aa660e1b612b0bb5094992efd499648c253f2a33a6baaf5b12b744133755755feefd5af04428af603252f3e8b711f0ad1b008ee5ce1d5214cb52118a23c5f2
2025-05-29 23:55:43 [Private] '1' отправил зашифрованное ЛС 'sergey'
2025-05-29 23:55:43 [Private] 'sergey' получил зашифрованное ЛС от '1'
2025-05-29 23:55:50 [Sent] Сообщение отправлено '1' (начало: SYSTEM:ENCRYPTED_PRIVATE_MSG:sergey:1a43a64c20ac2d)
2025-05-29 23:55:50 [Recieve] Получено write_task (1): SYSTEM:ENCRYPTED_PRIVATE_MSG:sergey:1a43a64c20ac2d1367a215b4:9d37f752d987778722b082c1d95ce693ed56340f735527cfc67cc9d23080976fa8d7f7e9a01abe6ce6cac520a6054c89115e8cff75c1132d0c90a55c960b39a45d17306d39771bee74a6169237745800fb3a911e6125
2025-05-29 23:55:50 [Private] 'sergey' отправил зашифрованное ЛС '1'
2025-05-29 23:55:50 [Private] '1' получил зашифрованное ЛС от 'sergey'
2025-05-29 23:56:31 [Client] sergey: Клиент отключился (прочитано 0 байт).
2025-05-29 23:56:31 [info] sergey: read_task завершилась в select.
2025-05-29 23:56:31 [Client] Пользователь 'sergey' отключился. В сети: 1
2025-05-29 23:56:31 [Client] sergey: Канал rx_from_others закрыт (write_task завершается).
2025-05-29 23:56:31 [Sent] Сообщение отправлено '1' (начало: SYSTEM:PRIVATE_CHAT_ENDED:sergey)
2025-05-29 23:56:31 [Recieve] Получено write_task (1): SYSTEM:PRIVATE_CHAT_ENDED:sergey
2025-05-29 23:56:31 [info] Уведомлен '1' о выходе 'sergey' из их приватного чата
2025-05-29 23:56:31 [Private chat] 'sergey' вышел из приватного чата с '1'
2025-05-29 23:56:31 [Recieve] Получено write_task (1): Пользователь 'sergey' вышел из чата
2025-05-29 23:56:31 [Client] Клиент 127.0.0.1:44759 отключился корректно.
2025-05-29 23:56:37 [Global message] '1' отправил в общий чат: выход
2025-05-29 23:56:52 [Global message] '1' отправил в общий чат: clear
2025-05-29 23:56:53 [Client] 1: Клиент отключился (прочитано 0 байт).
2025-05-29 23:56:53 [info] 1: read_task завершилась в select.
2025-05-29 23:56:53 [Client] Пользователь '1' отключился. В сети: 0
2025-05-29 23:56:53 [Client] 1: Канал rx_from_others закрыт (write_task завершается).
2025-05-29 23:56:53 [Client] Клиент 127.0.0.1:44755 отключился корректно.
2025-05-29 23:56:56 [info] Новое подключение: 127.0.0.1:44794
2025-05-29 23:56:59 [info] Новое подключение: 127.0.0.1:44797
2025-05-29 23:57:00 [Auth] Пользователь '1' авторизовался успешно.
2025-05-29 23:57:00 [Auth] Пользователь '1' вошёл в чат
2025-05-29 23:57:05 [Auth] Пользователь 'sergey' авторизовался успешно.
2025-05-29 23:57:05 [Auth] Пользователь 'sergey' вошёл в чат
2025-05-29 23:57:05 [Recieve] Получено write_task (1): Пользователь 'sergey' вошёл в чат
2025-05-29 23:57:06 [Sent] Сообщение отправлено '1' (начало: SYSTEM:PRIVATE_CHAT_REQUEST:sergey:26eac292c1551d0)
2025-05-29 23:57:06 [Recieve] Получено write_task (1): SYSTEM:PRIVATE_CHAT_REQUEST:sergey:26eac292c1551d0126d3df7443f21ad5b13be9415a365693c0bcf7967b54fd0c
2025-05-29 23:57:06 [Private chat] 'sergey' запросил приватный чат у '1'
2025-05-29 23:57:06 [Private chat] '1' получил запрос на приватный чат от 'sergey'
2025-05-29 23:57:09 [Sent] Сообщение отправлено 'sergey' (начало: SYSTEM:PRIVATE_CHAT_ACCEPTED:1)
2025-05-29 23:57:09 [Recieve] Получено write_task (sergey): SYSTEM:PRIVATE_CHAT_ACCEPTED:1
2025-05-29 23:57:09 [Private chat] '1' обновил статус: приватный чат с 'sergey'
2025-05-29 23:57:09 [Private chat] 'sergey' обновил статус: приватный чат с '1'
2025-05-29 23:57:12 [Sent] Сообщение отправлено 'sergey' (начало: SYSTEM:PRIVATE_CHAT_ENDED:1)
2025-05-29 23:57:12 [Recieve] Получено write_task (sergey): SYSTEM:PRIVATE_CHAT_ENDED:1
2025-05-29 23:57:12 [info] '1' вышел из приватного чата с 'sergey'
2025-05-29 23:57:12 [Private chat] '1' вышел из приватного чата с 'sergey'
2025-05-29 23:57:18 [Client] sergey: Клиент отключился (прочитано 0 байт).
2025-05-29 23:57:18 [info] sergey: read_task завершилась в select.
2025-05-29 23:57:18 [Client] Пользователь 'sergey' отключился. В сети: 1
2025-05-29 23:57:18 [Client] sergey: Канал rx_from_others закрыт (write_task завершается).
2025-05-29 23:57:18 [Client] Клиент 127.0.0.1:44794 отключился корректно.
2025-05-29 23:57:18 [Recieve] Получено write_task (1): Пользователь 'sergey' вышел из чата
2025-05-29 23:57:19 [Client] 1: Клиент отключился (прочитано 0 байт).
2025-05-29 23:57:19 [info] 1: read_task завершилась в select.
2025-05-29 23:57:19 [Client] Пользователь '1' отключился. В сети: 0
2025-05-29 23:57:19 [Client] 1: Канал rx_from_others закрыт (write_task завершается).
2025-05-29 23:57:19 [Client] Клиент 127.0.0.1:44797 отключился корректно.
